<?xml version="1.0" encoding="UTF-8"?>
<testng-results skipped="0" failed="0" ignored="0" total="1" passed="1">
  <reporter-output>
  </reporter-output>
  <suite name="Suite" duration-ms="7460" started-at="2020-08-19T13:49:45 IST" finished-at="2020-08-19T13:49:52 IST">
    <groups>
    </groups>
    <test name="Test" duration-ms="7460" started-at="2020-08-19T13:49:45 IST" finished-at="2020-08-19T13:49:52 IST">
      <class name="mvPkg.WebdriverMangerBrowserLaunch">
        <test-method status="PASS" signature="browserLaunch()[pri:0, instance:mvPkg.WebdriverMangerBrowserLaunch@551aa95a]" name="browserLaunch" duration-ms="7389" started-at="2020-08-19T13:49:45 IST" finished-at="2020-08-19T13:49:52 IST">
          <reporter-output>
          </reporter-output>
        </test-method> <!-- browserLaunch -->
      </class> <!-- mvPkg.WebdriverMangerBrowserLaunch -->
    </test> <!-- Test -->
  </suite> <!-- Suite -->
</testng-results>
